 
#------------------------------------------------------------
#
#   ,o, ,o,       /                                 
#    `   `  e88~88e  d88~\   /~~~8e Y88b    e    / 
#   888 888 88   88 C888         88b Y88b  d8b  /   
#   888 888 "8b_d8"  Y88b   e88~-888  Y888/Y88b/  
#   888 888  /        888D C88   888   Y8/  Y8/     
#   88P 888 Cb      \_88P   "8b_-888    Y    Y    
# \_8"       Y8""8D                             
#
#------------------------------------------------------------
# JIGSAW: an unstructured mesh generation library.  
#------------------------------------------------------------
 
  JIGSAW VERSION 0.9.14

  Reading CFG. file...

  CFG. data summary...

  GEOM-FILE = sombrero/mesh2D.msh 
  MESH-FILE = sombrero/mesh2D-MESH.msh 
  HFUN-FILE = sombrero/mesh2D-HFUN.msh 
  INIT-FILE =  
  TRIA-FILE =  
  BNDS-FILE =  

  GEOM-SEED = 8 
  GEOM-PHI1 = 6.00e+01 
  GEOM-PHI2 = 6.00e+01 
  GEOM-ETA1 = 4.50e+01 
  GEOM-ETA2 = 4.50e+01 
  GEOM-FEAT = FALSE 

  INIT-NEAR = 1.00e-08 

  HFUN-SCAL = ABSOLUTE 
  HFUN-HMAX = inf 
  HFUN-HMIN = 0.00e+00 

  BNDS-KERN = BND-TRIA 
  MESH-KERN = DELFRONT 
  MESH-TOP1 = FALSE 
  MESH-TOP2 = FALSE 
  MESH-ITER = MAXINT 
  MESH-DIMS = 2 
  MESH-SIZ1 = 1.33e+00 
  MESH-SIZ2 = 1.30e+00 
  MESH-SIZ3 = 1.29e+00 
  MESH-EPS1 = 3.33e-01 
  MESH-EPS2 = 3.33e-01 
  MESH-RAD2 = 1.05e+00 
  MESH-RAD3 = 2.05e+00 
  MESH-OFF2 = 9.00e-01 
  MESH-OFF3 = 1.10e+00 
  MESH-SNK2 = 2.00e-01 
  MESH-SNK3 = 3.33e-01 
  MESH-VOL3 = 0.00e+00 

  OPTM-KERN = ODT+DQDX 
  OPTM-ITER = 16 
  OPTM-QTOL = 1.00e-04 
  OPTM-QLIM = 9.38e-01 
  OPTM-ZIP_ = TRUE 
  OPTM-DIV_ = TRUE 
  OPTM-TRIA = TRUE 
  OPTM-DUAL = FALSE 

  Done. (2.23e-04sec)

#------------------------------------------------------------

  Reading GEOM file...

  Done. (1.63e-04sec)

#------------------------------------------------------------

  Forming GEOM data...

  GEOM data summary...

  EUCLIDEAN-MESH

  |NDIMS.| = 2

  |COORD.| = 4
  |EDGE-2| = 4

  |SEEDS.| = 0

  Done. (4.20e-05sec)

#------------------------------------------------------------

  Reading HFUN file...

  Done. (1.12e-02sec)

#------------------------------------------------------------

  Forming HFUN data...

  HFUN data summary...

  EUCLIDEAN-GRID

  |NDIMS.| = 2

  .MIN(H). = 2.00e+02
  .MAX(H). = 2.00e+02
  
  |XGRID.| = 500
  |YGRID.| = 500

  Done. (3.55e-04sec)

#------------------------------------------------------------

  Generate rDT MESH...

#------------------------------------------------------------
#    |ITER.|      |DEL-1|      |DEL-2| 
#------------------------------------------------------------
      50000         1996        98002
     100000         1996       198002
     150000         1996       298002
     200000         1996       398002
     250000         1996       498002
     288468         1996       574936

  Done. (1.52e+00sec)

#------------------------------------------------------------

  Forming MESH data...

  Done. (6.16e-01sec)

#------------------------------------------------------------

  MESH optimisation...

#------------------------------------------------------------
#    |MOVE.|      |FLIP.|      |MERGE|      |SPLIT| 
#------------------------------------------------------------
      17756            0            0            0
      17747            0            0            0
      14679            0            0            0
      11730            0            0            0
       8778            0            0            0
       6474            0            0            0
       4382            0            0            0
       1893            0            0            0
        843            0            0            0
        367            0            0            0
        165            0            0            0
        112            0            0            0
         54            0            0            0
          7            0            0            0
          0            0            0            0

  Done. (1.33e+01sec)

#------------------------------------------------------------

  Writing MESH file...

  Done. (4.10e-01sec)

